<?xml version="1.0" encoding="UTF-8"?>
<TestRun id="450dc0a1-4db6-41d7-85e4-0bd11df3fe46" name="Optimal_02@OPTIMAL_02_PC 2016-12-15 22:00:27" runUser="Optimal_02_PC\Optimal_02" xmlns="http://microsoft.com/schemas/VisualStudio/TeamTest/2010">
  <TestSettings name="Local" id="30e86a5a-1314-4d39-8507-73049ed7c6f9">
    <Description>These are default test settings for a local test run.</Description>
    <Deployment enabled="false" runDeploymentRoot="Optimal_02_OPTIMAL_02_PC 2016-12-15 22_00_27">
      <DeploymentItem filename="C:\dinglitest\DingTest\DingTest\dll\nunit.framework.dll" />
      <DeploymentItem filename="C:\dinglitest\DingTest\DingTest\dll\WatiN.Core.dll" />
    </Deployment>
    <Execution>
      <TestTypeSpecific />
      <AgentRule name="Execution Agents">
      </AgentRule>
    </Execution>
  </TestSettings>
  <Times creation="2016-12-15T22:00:27.9165399+00:00" queuing="2016-12-15T22:00:37.9661147+00:00" start="2016-12-15T22:00:38.3671377+00:00" finish="2016-12-15T22:01:57.3646561+00:00" />
  <ResultSummary outcome="Completed">
    <Counters total="1" executed="1" passed="1" error="0" failed="0" timeout="0" aborted="0" inconclusive="0" passedButRunAborted="0" notRunnable="0" notExecuted="0" disconnected="0" warning="0" completed="0" inProgress="0" pending="0" />
  </ResultSummary>
  <TestDefinitions>
    <UnitTest name="TestMethod1" storage="c:\dinglitest\dingtest\dingtest\bin\debug\dingtest.dll" id="397aa534-7c8b-91a5-dc4c-d069111646a8">
      <Execution id="5981c8e4-58f0-4386-955b-5ad27738b9a0" />
      <TestMethod codeBase="C:/dinglitest/DingTest/DingTest/bin/Debug/DingTest.DLL" adapterTypeName="Microsoft.VisualStudio.TestTools.TestTypes.Unit.UnitTestAdapter, Microsoft.VisualStudio.QualityTools.Tips.UnitTest.Adapter, Version=10.0.0.0, Culture=neutral, PublicKeyToken=b03f5f7f11d50a3a" className="DingTest.UnitTest1, DingTest, Version=1.0.0.0, Culture=neutral, PublicKeyToken=null" name="TestMethod1" />
    </UnitTest>
  </TestDefinitions>
  <TestLists>
    <TestList name="Results Not in a List" id="8c84fa94-04c1-424b-9868-57a2d4851a1d" />
    <TestList name="All Loaded Results" id="19431567-8539-422a-85d7-44ee4e166bda" />
  </TestLists>
  <TestEntries>
    <TestEntry testId="397aa534-7c8b-91a5-dc4c-d069111646a8" executionId="5981c8e4-58f0-4386-955b-5ad27738b9a0" testListId="8c84fa94-04c1-424b-9868-57a2d4851a1d" />
  </TestEntries>
  <Results>
    <UnitTestResult executionId="5981c8e4-58f0-4386-955b-5ad27738b9a0" testId="397aa534-7c8b-91a5-dc4c-d069111646a8" testName="TestMethod1" computerName="OPTIMAL_02_PC" duration="00:01:15.8691907" startTime="2016-12-15T22:00:38.6551541+00:00" endTime="2016-12-15T22:01:56.9476322+00:00" testType="13cdc9d9-ddb5-4fa4-a97d-d965ccfc6d4b" outcome="Passed" testListId="8c84fa94-04c1-424b-9868-57a2d4851a1d" relativeResultsDirectory="5981c8e4-58f0-4386-955b-5ad27738b9a0">
    </UnitTestResult>
  </Results>
</TestRun>